<?xml version="1.0" encoding="UTF-8"?>
<!-- Generated by org.testng.reporters.JUnitXMLReporter -->
<testsuite ignored="0" hostname="Bharath-Vepanjeri" failures="0" tests="5" name="Default test" time="0.113" errors="0" timestamp="2021-12-24T10:10:15 IST">
  <testcase classname="com.testNG.DataProvider2Test" name="dataProviderTest" time="0.012"/>
  <testcase classname="com.testNG.DataProvider2Test" name="dataProviderTest" time="0.002"/>
  <testcase classname="com.testNG.DataProvider2Test" name="dataProviderTest" time="0.002"/>
  <testcase classname="com.testNG.DataProvider2Test" name="dataProviderTest" time="0.002"/>
  <testcase classname="com.testNG.DataProvider2Test" name="dataProviderTest" time="0.003"/>
</testsuite> <!-- Default test -->
