<?xml version="1.0" encoding="UTF-8"?>
<testng-results ignored="0" total="5" passed="5" failed="0" skipped="0">
  <reporter-output>
  </reporter-output>
  <suite started-at="2021-12-24T10:10:15 IST" name="Default suite" finished-at="2021-12-24T10:10:15 IST" duration-ms="113">
    <groups>
    </groups>
    <test started-at="2021-12-24T10:10:15 IST" name="Default test" finished-at="2021-12-24T10:10:15 IST" duration-ms="113">
      <class name="com.testNG.DataProvider2Test">
        <test-method signature="dataProviderTest(java.lang.String,java.lang.String,java.lang.String)[pri:0, instance:com.testNG.DataProvider2Test@2accdbb5]" started-at="2021-12-24T10:10:15 IST" name="dataProviderTest" data-provider="getData" finished-at="2021-12-24T10:10:15 IST" duration-ms="12" status="PASS">
          <params>
            <param index="0">
              <value>
                <![CDATA[Pushpa]]>
              </value>
            </param>
            <param index="1">
              <value>
                <![CDATA[Allu Arjun]]>
              </value>
            </param>
            <param index="2">
              <value>
                <![CDATA[Sukumar]]>
              </value>
            </param>
          </params>
          <reporter-output>
          </reporter-output>
        </test-method> <!-- dataProviderTest -->
        <test-method signature="dataProviderTest(java.lang.String,java.lang.String,java.lang.String)[pri:0, instance:com.testNG.DataProvider2Test@2accdbb5]" started-at="2021-12-24T10:10:15 IST" name="dataProviderTest" data-provider="getData" finished-at="2021-12-24T10:10:15 IST" duration-ms="2" status="PASS">
          <params>
            <param index="0">
              <value>
                <![CDATA[Radhe Shyam]]>
              </value>
            </param>
            <param index="1">
              <value>
                <![CDATA[Prabhas]]>
              </value>
            </param>
            <param index="2">
              <value>
                <![CDATA[Radha Krishna Kumar]]>
              </value>
            </param>
          </params>
          <reporter-output>
          </reporter-output>
        </test-method> <!-- dataProviderTest -->
        <test-method signature="dataProviderTest(java.lang.String,java.lang.String,java.lang.String)[pri:0, instance:com.testNG.DataProvider2Test@2accdbb5]" started-at="2021-12-24T10:10:15 IST" name="dataProviderTest" data-provider="getData" finished-at="2021-12-24T10:10:15 IST" duration-ms="2" status="PASS">
          <params>
            <param index="0">
              <value>
                <![CDATA[RRR]]>
              </value>
            </param>
            <param index="1">
              <value>
                <![CDATA[RC+NTR]]>
              </value>
            </param>
            <param index="2">
              <value>
                <![CDATA[Rajamouli]]>
              </value>
            </param>
          </params>
          <reporter-output>
          </reporter-output>
        </test-method> <!-- dataProviderTest -->
        <test-method signature="dataProviderTest(java.lang.String,java.lang.String,java.lang.String)[pri:0, instance:com.testNG.DataProvider2Test@2accdbb5]" started-at="2021-12-24T10:10:15 IST" name="dataProviderTest" data-provider="getData" finished-at="2021-12-24T10:10:15 IST" duration-ms="2" status="PASS">
          <params>
            <param index="0">
              <value>
                <![CDATA[Shyam Singha Roy]]>
              </value>
            </param>
            <param index="1">
              <value>
                <![CDATA[Nani]]>
              </value>
            </param>
            <param index="2">
              <value>
                <![CDATA[Rahul]]>
              </value>
            </param>
          </params>
          <reporter-output>
          </reporter-output>
        </test-method> <!-- dataProviderTest -->
        <test-method signature="dataProviderTest(java.lang.String,java.lang.String,java.lang.String)[pri:0, instance:com.testNG.DataProvider2Test@2accdbb5]" started-at="2021-12-24T10:10:15 IST" name="dataProviderTest" data-provider="getData" finished-at="2021-12-24T10:10:15 IST" duration-ms="3" status="PASS">
          <params>
            <param index="0">
              <value>
                <![CDATA[Bheemla]]>
              </value>
            </param>
            <param index="1">
              <value>
                <![CDATA[PK]]>
              </value>
            </param>
            <param index="2">
              <value>
                <![CDATA[Sagar]]>
              </value>
            </param>
          </params>
          <reporter-output>
          </reporter-output>
        </test-method> <!-- dataProviderTest -->
      </class> <!-- com.testNG.DataProvider2Test -->
    </test> <!-- Default test -->
  </suite> <!-- Default suite -->
</testng-results>
